<?xml version="1.0" encoding="UTF-8"?>
<!-- Generated by org.testng.reporters.JUnitReportReporter -->
<testsuite hostname="DR" failures="0" tests="5" name="testCases.TC003_LoginDDT" time="47.156" errors="0" timestamp="2024-11-29T17:58:57 IST" skipped="0">
  <testcase classname="testCases.TC003_LoginDDT" name="verifyLoginDDT" time="5.098"/>
  <system-out/>
  <testcase classname="testCases.TC003_LoginDDT" name="verifyLoginDDT" time="3.520"/>
  <system-out/>
  <testcase classname="testCases.TC003_LoginDDT" name="verifyLoginDDT" time="12.311"/>
  <system-out/>
  <testcase classname="testCases.TC003_LoginDDT" name="verifyLoginDDT" time="12.865"/>
  <system-out/>
  <testcase classname="testCases.TC003_LoginDDT" name="verifyLoginDDT" time="13.362"/>
  <system-out/>
</testsuite> <!-- testCases.TC003_LoginDDT -->
