<?xml version="1.0" encoding="UTF-8"?>
<!-- Generated by org.testng.reporters.JUnitReportReporter -->
<testsuite hostname="DR" failures="0" tests="1" name="testCases.TC002_LoginTest" time="4.114" errors="0" timestamp="2024-12-03T02:29:19 IST" skipped="0">
  <testcase classname="testCases.TC002_LoginTest" name="verifyLogin" time="4.114"/>
  <system-out/>
</testsuite> <!-- testCases.TC002_LoginTest -->
