<?xml version="1.0" encoding="UTF-8"?>
<!-- Generated by org.testng.reporters.JUnitReportReporter -->
<testsuite hostname="DR" failures="0" tests="1" name="testCases.TC001_AccountRegistrationTest" time="5.404" errors="0" timestamp="2024-12-03T02:29:19 IST" skipped="0">
  <testcase classname="testCases.TC001_AccountRegistrationTest" name="verifyAccountRegistration" time="5.404"/>
  <system-out/>
</testsuite> <!-- testCases.TC001_AccountRegistrationTest -->
