<?xml version="1.0" encoding="UTF-8"?>
<!-- Generated by org.testng.reporters.JUnitReportReporter -->
<testsuite hostname="DR" failures="0" tests="1" name="testCases.TC002_LoginTest" time="4.250" errors="0" timestamp="2024-12-13T18:47:29 IST" skipped="0">
  <testcase classname="testCases.TC002_LoginTest" name="verifyLogin" time="4.250"/>
</testsuite> <!-- testCases.TC002_LoginTest -->
